<?xml version="1.0" encoding="UTF-8"?>
<testsuite xmlns:xsi="http://www.w3.org/2001/XMLSchema-instance" xsi:noNamespaceSchemaLocation="https://maven.apache.org/surefire/maven-surefire-plugin/xsd/surefire-test-report-3.0.xsd" version="3.0" name="com.ifba.ecoColeta.ecoColeta.EcoColetaApplicationTests" time="4.43" tests="1" errors="0" skipped="0" failures="0">
  <properties>
[...]
</properties>
  <testcase name="contextLoads" classname="com.ifba.ecoColeta.ecoColeta.EcoColetaApplicationTests" time="1.362">
    <system-out><![CDATA[23:31:26.017 [main] INFO org.springframework.test.context.support.AnnotationConfigContextLoaderUtils -- Could not detect default configuration classes for test class [com.ifba.ecoColeta.ecoColeta.EcoColetaApplicationTests]: EcoColetaApplicationTests does not declare any static, non-private, non-final, nested classes annotated with @Configuration.
23:31:26.248 [main] INFO org.springframework.boot.test.context.SpringBootTestContextBootstrapper -- Found @SpringBootConfiguration com.ifba.ecoColeta.ecoColeta.EcoColetaApplication for test class com.ifba.ecoColeta.ecoColeta.EcoColetaApplicationTests

  .   ____          _            __ _ _
 /\\ / ___'_ __ _ _(_)_ __  __ _ \ \ \ \
( ( )\___ | '_ | '_| | '_ \/ _` | \ \ \ \
 \\/  ___)| |_)| | | | | || (_| |  ) ) ) )
  '  |____| .__|_| |_|_| |_\__, | / / / /
 =========|_|==============|___/=/_/_/_/
 :: Spring Boot ::                (v3.1.3)

2023-09-10T23:31:26.913-03:00  INFO 19134 --- [           main] c.i.e.e.EcoColetaApplicationTests        : Starting EcoColetaApplicationTests using Java 20.0.1 with PID 19134 (started by joeziojr in /home/joeziojr/ecoColetaSpring/ecoColeta)
2023-09-10T23:31:26.916-03:00  INFO 19134 --- [           main] c.i.e.e.EcoColetaApplicationTests        : No active profile set, falling back to 1 default profile: "default"
2023-09-10T23:31:28.701-03:00  INFO 19134 --- [           main] c.i.e.e.EcoColetaApplicationTests        : Started EcoColetaApplicationTests in 2.191 seconds (process running for 3.883)
]]></system-out>
  </testcase>
</testsuite>